2018-11-30 17:26:22,336 INFO o.s.b.StartupInfoLogger [main] Starting CustomerApplicationTests on mcabezas-simtlixpc with PID 28374 (started by mcabezas in /home/mcabezas/workspace/claro/customer)
2018-11-30 17:26:22,343 DEBUG o.s.b.StartupInfoLogger [main] Running with Spring Boot v2.0.6.RELEASE, Spring v5.0.10.RELEASE
2018-11-30 17:26:22,351 INFO o.s.b.SpringApplication [main] No active profile set, falling back to default profiles: default
2018-11-30 17:26:22,368 INFO o.s.c.s.AbstractApplicationContext [main] Refreshing org.springframework.web.context.support.GenericWebApplicationContext@7393222f: startup date [Fri Nov 30 17:26:22 ART 2018]; root of context hierarchy
2018-11-30 17:26:23,647 INFO o.s.w.s.h.AbstractUrlHandlerMapping [main] Mapped URL path [/**/favicon.ico] onto handler of type [class org.springframework.web.servlet.resource.ResourceHttpRequestHandler]
2018-11-30 17:26:23,912 INFO o.s.w.s.m.m.a.RequestMappingHandlerAdapter [main] Looking for @ControllerAdvice: org.springframework.web.context.support.GenericWebApplicationContext@7393222f: startup date [Fri Nov 30 17:26:22 ART 2018]; root of context hierarchy
2018-11-30 17:26:23,987 INFO o.s.w.s.h.AbstractHandlerMethodMapping$MappingRegistry [main] Mapped "{[/api/customer/list],methods=[GET],produces=[application/json]}" onto public java.lang.Iterable<com.simtlix.consultafijapoc.customer.model.Customer> com.simtlix.consultafijapoc.customer.controller.CustomerController.getAllCustomers()
2018-11-30 17:26:23,988 INFO o.s.w.s.h.AbstractHandlerMethodMapping$MappingRegistry [main] Mapped "{[/api/customer/greeting],methods=[GET],produces=[application/json]}" onto public java.util.Map com.simtlix.consultafijapoc.customer.controller.CustomerController.getGreeting()
2018-11-30 17:26:23,989 INFO o.s.w.s.h.AbstractHandlerMethodMapping$MappingRegistry [main] Mapped "{[/api/customer/{dni}],methods=[GET]}" onto public com.simtlix.consultafijapoc.customer.model.Customer com.simtlix.consultafijapoc.customer.controller.CustomerController.getCustomerByDni(java.lang.String)
2018-11-30 17:26:23,992 INFO o.s.w.s.h.AbstractHandlerMethodMapping$MappingRegistry [main] Mapped "{[/error],produces=[text/html]}" onto public org.springframework.web.servlet.ModelAndView org.springframework.boot.autoconfigure.web.servlet.error.BasicErrorController.errorHtml(javax.servlet.http.HttpServletRequest,javax.servlet.http.HttpServletResponse)
2018-11-30 17:26:23,993 INFO o.s.w.s.h.AbstractHandlerMethodMapping$MappingRegistry [main] Mapped "{[/error]}" onto public org.springframework.http.ResponseEntity<java.util.Map<java.lang.String, java.lang.Object>> org.springframework.boot.autoconfigure.web.servlet.error.BasicErrorController.error(javax.servlet.http.HttpServletRequest)
2018-11-30 17:26:24,025 INFO o.s.w.s.h.AbstractUrlHandlerMapping [main] Mapped URL path [/webjars/**] onto handler of type [class org.springframework.web.servlet.resource.ResourceHttpRequestHandler]
2018-11-30 17:26:24,026 INFO o.s.w.s.h.AbstractUrlHandlerMapping [main] Mapped URL path [/**] onto handler of type [class org.springframework.web.servlet.resource.ResourceHttpRequestHandler]
2018-11-30 17:26:24,267 INFO o.s.b.a.s.s.UserDetailsServiceAutoConfiguration [main] 

Using generated security password: 2d4a926a-7a19-4a69-9c8d-d37b054ab4c1

2018-11-30 17:26:24,468 INFO o.s.s.w.DefaultSecurityFilterChain [main] Creating filter chain: org.springframework.security.web.util.matcher.AnyRequestMatcher@1, [org.springframework.security.web.context.request.async.WebAsyncManagerIntegrationFilter@23f3da8b, org.springframework.security.web.context.SecurityContextPersistenceFilter@6c3659be, org.springframework.security.web.header.HeaderWriterFilter@611a990b, org.springframework.security.web.csrf.CsrfFilter@455c1d8c, org.springframework.security.web.authentication.logout.LogoutFilter@726aa968, org.springframework.security.web.authentication.UsernamePasswordAuthenticationFilter@378cfecf, org.springframework.security.web.authentication.ui.DefaultLoginPageGeneratingFilter@28da7d11, org.springframework.security.web.authentication.www.BasicAuthenticationFilter@762637be, org.springframework.security.web.savedrequest.RequestCacheAwareFilter@2aff9dff, org.springframework.security.web.servletapi.SecurityContextHolderAwareRequestFilter@44536de4, org.springframework.security.web.authentication.AnonymousAuthenticationFilter@5634d0f4, org.springframework.security.web.session.SessionManagementFilter@7fe82967, org.springframework.security.web.access.ExceptionTranslationFilter@467b684d, org.springframework.security.web.access.intercept.FilterSecurityInterceptor@68ab0936]
2018-11-30 17:26:24,504 INFO o.s.m.w.MockServletContext [main] Initializing Spring FrameworkServlet ''
2018-11-30 17:26:24,505 INFO o.s.w.s.FrameworkServlet [main] FrameworkServlet '': initialization started
2018-11-30 17:26:24,519 INFO o.s.w.s.FrameworkServlet [main] FrameworkServlet '': initialization completed in 14 ms
2018-11-30 17:26:24,573 INFO o.s.b.StartupInfoLogger [main] Started CustomerApplicationTests in 2.712 seconds (JVM running for 4.292)
2018-11-30 17:26:24,607 INFO o.s.c.s.AbstractApplicationContext [Thread-2] Closing org.springframework.web.context.support.GenericWebApplicationContext@7393222f: startup date [Fri Nov 30 17:26:22 ART 2018]; root of context hierarchy
